        -:    0:Source:dominion.c
        -:    0:Graph:dominion.gcno
        -:    0:Data:dominion.gcda
        -:    0:Runs:1
        -:    0:Programs:1
        -:    1:#include "dominion.h"
        -:    2:#include "dominion_helpers.h"
        -:    3:#include "rngs.h"
        -:    4:#include <stdio.h>
        -:    5:#include <math.h>
        -:    6:#include <stdlib.h>
        -:    7:
       60:    8:int compare(const void* a, const void* b) {
       60:    9:  if (*(int*)a > *(int*)b)
    #####:   10:    return 1;
       60:   11:  if (*(int*)a < *(int*)b)
       16:   12:    return -1;
       44:   13:  return 0;
        -:   14:}
        -:   15:
    #####:   16:struct gameState* newGame() {
    #####:   17:  struct gameState* g = malloc(sizeof(struct gameState));
    #####:   18:  return g;
        -:   19:}
        -:   20:
    #####:   21:int* kingdomCards(int k1, int k2, int k3, int k4, int k5, int k6, int k7,
        -:   22:		  int k8, int k9, int k10) {
    #####:   23:  int* k = malloc(10 * sizeof(int));
    #####:   24:  k[0] = k1;
    #####:   25:  k[1] = k2;
    #####:   26:  k[2] = k3;
    #####:   27:  k[3] = k4;
    #####:   28:  k[4] = k5;
    #####:   29:  k[5] = k6;
    #####:   30:  k[6] = k7;
    #####:   31:  k[7] = k8;
    #####:   32:  k[8] = k9;
    #####:   33:  k[9] = k10;
    #####:   34:  return k;
        -:   35:}
        -:   36:
        1:   37:int initializeGame(int numPlayers, int kingdomCards[10], int randomSeed,
        -:   38:		   struct gameState *state) {
        -:   39:
        -:   40:  int i;
        -:   41:  int j;
        -:   42:  int it;
        -:   43:  //set up random number generator
        1:   44:  SelectStream(1);
        1:   45:  PutSeed((long)randomSeed);
        -:   46:
        -:   47:  //check number of players
        1:   48:  if (numPlayers > MAX_PLAYERS || numPlayers < 2)
        -:   49:    {
    #####:   50:      return -1;
        -:   51:    }
        -:   52:
        -:   53:  //set number of players
        1:   54:  state->numPlayers = numPlayers;
        -:   55:
        -:   56:  //check selected kingdom cards are different
       11:   57:  for (i = 0; i < 10; i++)
        -:   58:    {
      110:   59:      for (j = 0; j < 10; j++)
        -:   60:        {
      100:   61:	  if (j != i && kingdomCards[j] == kingdomCards[i])
        -:   62:	    {
    #####:   63:	      return -1;
        -:   64:	    }
        -:   65:        }
        -:   66:    }
        -:   67:
        -:   68:
        -:   69:  //initialize supply
        -:   70:  ///////////////////////////////
        -:   71:
        -:   72:  //set number of Curse cards
        1:   73:  if (numPlayers == 2)
        -:   74:    {
    #####:   75:      state->supplyCount[curse] = 10;
        -:   76:    }
        1:   77:  else if (numPlayers == 3)
        -:   78:    {
    #####:   79:      state->supplyCount[curse] = 20;
        -:   80:    }
        -:   81:  else
        -:   82:    {
        1:   83:      state->supplyCount[curse] = 30;
        -:   84:    }
        -:   85:
        -:   86:  //set number of Victory cards
        1:   87:  if (numPlayers == 2)
        -:   88:    {
    #####:   89:      state->supplyCount[estate] = 8;
    #####:   90:      state->supplyCount[duchy] = 8;
    #####:   91:      state->supplyCount[province] = 8;
        -:   92:    }
        -:   93:  else
        -:   94:    {
        1:   95:      state->supplyCount[estate] = 12;
        1:   96:      state->supplyCount[duchy] = 12;
        1:   97:      state->supplyCount[province] = 12;
        -:   98:    }
        -:   99:
        -:  100:  //set number of Treasure cards
        1:  101:  state->supplyCount[copper] = 60 - (7 * numPlayers);
        1:  102:  state->supplyCount[silver] = 40;
        1:  103:  state->supplyCount[gold] = 30;
        -:  104:
        -:  105:  //set number of Kingdom cards
       21:  106:  for (i = adventurer; i <= treasure_map; i++)       	//loop all cards
        -:  107:    {
      165:  108:      for (j = 0; j < 10; j++)           		//loop chosen cards
        -:  109:	{
      155:  110:	  if (kingdomCards[j] == i)
        -:  111:	    {
        -:  112:	      //check if card is a 'Victory' Kingdom card
       10:  113:	      if (kingdomCards[j] == great_hall || kingdomCards[j] == gardens)
        -:  114:		{
        2:  115:		  if (numPlayers == 2){
    #####:  116:		    state->supplyCount[i] = 8;
        -:  117:		  }
        1:  118:		  else{ state->supplyCount[i] = 12; }
        -:  119:		}
        -:  120:	      else
        -:  121:		{
        9:  122:		  state->supplyCount[i] = 10;
        -:  123:		}
       10:  124:	      break;
        -:  125:	    }
        -:  126:	  else    //card is not in the set choosen for the game
        -:  127:	    {
      145:  128:	      state->supplyCount[i] = -1;
        -:  129:	    }
        -:  130:	}
        -:  131:
        -:  132:    }
        -:  133:
        -:  134:  ////////////////////////
        -:  135:  //supply intilization complete
        -:  136:
        -:  137:  //set player decks
        5:  138:  for (i = 0; i < numPlayers; i++)
        -:  139:    {
        4:  140:      state->deckCount[i] = 0;
       16:  141:      for (j = 0; j < 3; j++)
        -:  142:	{
       12:  143:	  state->deck[i][j] = estate;
       12:  144:	  state->deckCount[i]++;
        -:  145:	}
       32:  146:      for (j = 3; j < 10; j++)
        -:  147:	{
       28:  148:	  state->deck[i][j] = copper;
       28:  149:	  state->deckCount[i]++;
        -:  150:	}
        -:  151:    }
        -:  152:
        -:  153:  //shuffle player decks
        5:  154:  for (i = 0; i < numPlayers; i++)
        -:  155:    {
        4:  156:      if ( shuffle(i, state) < 0 )
        -:  157:	{
    #####:  158:	  return -1;
        -:  159:	}
        -:  160:    }
        -:  161:
        -:  162:  //draw player hands
        5:  163:  for (i = 0; i < numPlayers; i++)
        -:  164:    {
        -:  165:      //initialize hand size to zero
        4:  166:      state->handCount[i] = 0;
        4:  167:      state->discardCount[i] = 0;
        -:  168:      //draw 5 cards
        -:  169:      // for (j = 0; j < 5; j++)
        -:  170:      //	{
        -:  171:      //	  drawCard(i, state);
        -:  172:      //	}
        -:  173:    }
        -:  174:
        -:  175:  //set embargo tokens to 0 for all supply piles
       28:  176:  for (i = 0; i <= treasure_map; i++)
        -:  177:    {
       27:  178:      state->embargoTokens[i] = 0;
        -:  179:    }
        -:  180:
        -:  181:  //initialize first player's turn
        1:  182:  state->outpostPlayed = 0;
        1:  183:  state->phase = 0;
        1:  184:  state->numActions = 1;
        1:  185:  state->numBuys = 1;
        1:  186:  state->playedCardCount = 0;
        1:  187:  state->whoseTurn = 0;
        1:  188:  state->handCount[state->whoseTurn] = 0;
        -:  189:  //int it; move to top
        -:  190:
        -:  191:  //Moved draw cards to here, only drawing at the start of a turn
        6:  192:  for (it = 0; it < 5; it++){
        5:  193:    drawCard(state->whoseTurn, state);
        -:  194:  }
        -:  195:
        1:  196:  updateCoins(state->whoseTurn, state, 0);
        -:  197:
        1:  198:  return 0;
        -:  199:}
        -:  200:
        4:  201:int shuffle(int player, struct gameState *state) {
        -:  202:
        -:  203:
        -:  204:  int newDeck[MAX_DECK];
        4:  205:  int newDeckPos = 0;
        -:  206:  int card;
        -:  207:  int i;
        -:  208:
        4:  209:  if (state->deckCount[player] < 1)
    #####:  210:    return -1;
        4:  211:  qsort ((void*)(state->deck[player]), state->deckCount[player], sizeof(int), compare);
        -:  212:  /* SORT CARDS IN DECK TO ENSURE DETERMINISM! */
        -:  213:
       48:  214:  while (state->deckCount[player] > 0) {
       40:  215:    card = floor(Random() * state->deckCount[player]);
       40:  216:    newDeck[newDeckPos] = state->deck[player][card];
       40:  217:    newDeckPos++;
      125:  218:    for (i = card; i < state->deckCount[player]-1; i++) {
       85:  219:      state->deck[player][i] = state->deck[player][i+1];
        -:  220:    }
       40:  221:    state->deckCount[player]--;
        -:  222:  }
       44:  223:  for (i = 0; i < newDeckPos; i++) {
       40:  224:    state->deck[player][i] = newDeck[i];
       40:  225:    state->deckCount[player]++;
        -:  226:  }
        -:  227:
        4:  228:  return 0;
        -:  229:}
        -:  230:
    #####:  231:int playCard(int handPos, int choice1, int choice2, int choice3, struct gameState *state)
        -:  232:{
        -:  233:  int card;
    #####:  234:  int coin_bonus = 0; 		//tracks coins gain from actions
        -:  235:
        -:  236:  //check if it is the right phase
    #####:  237:  if (state->phase != 0)
        -:  238:    {
    #####:  239:      return -1;
        -:  240:    }
        -:  241:
        -:  242:  //check if player has enough actions
    #####:  243:  if ( state->numActions < 1 )
        -:  244:    {
    #####:  245:      return -1;
        -:  246:    }
        -:  247:
        -:  248:  //get card played
    #####:  249:  card = handCard(handPos, state);
        -:  250:
        -:  251:  //check if selected card is an action
    #####:  252:  if ( card < adventurer || card > treasure_map )
        -:  253:    {
    #####:  254:      return -1;
        -:  255:    }
        -:  256:
        -:  257:  //play card
    #####:  258:  if ( cardEffect(card, choice1, choice2, choice3, state, handPos, &coin_bonus) < 0 )
        -:  259:    {
    #####:  260:      return -1;
        -:  261:    }
        -:  262:
        -:  263:  //reduce number of actions
    #####:  264:  state->numActions--;
        -:  265:
        -:  266:  //update coins (Treasure cards may be added with card draws)
    #####:  267:  updateCoins(state->whoseTurn, state, coin_bonus);
        -:  268:
    #####:  269:  return 0;
        -:  270:}
        -:  271:
    #####:  272:int buyCard(int supplyPos, struct gameState *state) {
        -:  273:  int who;
        -:  274:  if (DEBUG){
        -:  275:    printf("Entering buyCard...\n");
        -:  276:  }
        -:  277:
        -:  278:  // I don't know what to do about the phase thing.
        -:  279:
    #####:  280:  who = state->whoseTurn;
        -:  281:
    #####:  282:  if (state->numBuys < 1){
        -:  283:    if (DEBUG)
        -:  284:      printf("You do not have any buys left\n");
    #####:  285:    return -1;
    #####:  286:  } else if (supplyCount(supplyPos, state) <1){
        -:  287:    if (DEBUG)
        -:  288:      printf("There are not any of that type of card left\n");
    #####:  289:    return -1;
    #####:  290:  } else if (state->coins < getCost(supplyPos)){
        -:  291:    if (DEBUG)
        -:  292:      printf("You do not have enough money to buy that. You have %d coins.\n", state->coins);
    #####:  293:    return -1;
        -:  294:  } else {
    #####:  295:    state->phase=1;
        -:  296:    //state->supplyCount[supplyPos]--;
    #####:  297:    gainCard(supplyPos, state, 0, who); //card goes in discard, this might be wrong.. (2 means goes into hand, 0 goes into discard)
        -:  298:
    #####:  299:    state->coins = (state->coins) - (getCost(supplyPos));
    #####:  300:    state->numBuys--;
        -:  301:    if (DEBUG)
        -:  302:      printf("You bought card number %d for %d coins. You now have %d buys and %d coins.\n", supplyPos, getCost(supplyPos), state->numBuys, state->coins);
        -:  303:  }
        -:  304:
        -:  305:  //state->discard[who][state->discardCount[who]] = supplyPos;
        -:  306:  //state->discardCount[who]++;
        -:  307:
    #####:  308:  return 0;
        -:  309:}
        -:  310:
    #####:  311:int numHandCards(struct gameState *state) {
    #####:  312:  return state->handCount[ whoseTurn(state) ];
        -:  313:}
        -:  314:
    #####:  315:int handCard(int handPos, struct gameState *state) {
    #####:  316:  int currentPlayer = whoseTurn(state);
    #####:  317:  return state->hand[currentPlayer][handPos];
        -:  318:}
        -:  319:
    #####:  320:int supplyCount(int card, struct gameState *state) {
    #####:  321:  return state->supplyCount[card];
        -:  322:}
        -:  323:
    #####:  324:int fullDeckCount(int player, int card, struct gameState *state) {
        -:  325:  int i;
    #####:  326:  int count = 0;
        -:  327:
    #####:  328:  for (i = 0; i < state->deckCount[player]; i++)
        -:  329:    {
    #####:  330:      if (state->deck[player][i] == card) count++;
        -:  331:    }
        -:  332:
    #####:  333:  for (i = 0; i < state->handCount[player]; i++)
        -:  334:    {
    #####:  335:      if (state->hand[player][i] == card) count++;
        -:  336:    }
        -:  337:
    #####:  338:  for (i = 0; i < state->discardCount[player]; i++)
        -:  339:    {
    #####:  340:      if (state->discard[player][i] == card) count++;
        -:  341:    }
        -:  342:
    #####:  343:  return count;
        -:  344:}
        -:  345:
        1:  346:int whoseTurn(struct gameState *state) {
        1:  347:  return state->whoseTurn;
        -:  348:}
        -:  349:
    #####:  350:int endTurn(struct gameState *state) {
        -:  351:  int k;
        -:  352:  int i;
    #####:  353:  int currentPlayer = whoseTurn(state);
        -:  354:
        -:  355:  //Discard hand
    #####:  356:  for (i = 0; i < state->handCount[currentPlayer]; i++){
    #####:  357:    state->discard[currentPlayer][state->discardCount[currentPlayer]++] = state->hand[currentPlayer][i];//Discard
    #####:  358:    state->hand[currentPlayer][i] = -1;//Set card to -1
        -:  359:  }
    #####:  360:  state->handCount[currentPlayer] = 0;//Reset hand count
        -:  361:
        -:  362:  //Code for determining the player
    #####:  363:  if (currentPlayer < (state->numPlayers - 1)){
    #####:  364:    state->whoseTurn = currentPlayer + 1;//Still safe to increment
        -:  365:  }
        -:  366:  else{
    #####:  367:    state->whoseTurn = 0;//Max player has been reached, loop back around to player 1
        -:  368:  }
        -:  369:
    #####:  370:  state->outpostPlayed = 0;
    #####:  371:  state->phase = 0;
    #####:  372:  state->numActions = 1;
    #####:  373:  state->coins = 0;
    #####:  374:  state->numBuys = 1;
    #####:  375:  state->playedCardCount = 0;
    #####:  376:  state->handCount[state->whoseTurn] = 0;
        -:  377:
        -:  378:  //int k; move to top
        -:  379:  //Next player draws hand
    #####:  380:  for (k = 0; k < 5; k++){
    #####:  381:    drawCard(state->whoseTurn, state);//Draw a card
        -:  382:  }
        -:  383:
        -:  384:  //Update money
    #####:  385:  updateCoins(state->whoseTurn, state , 0);
        -:  386:
    #####:  387:  return 0;
        -:  388:}
        -:  389:
    #####:  390:int isGameOver(struct gameState *state) {
        -:  391:  int i;
        -:  392:  int j;
        -:  393:
        -:  394:  //if stack of Province cards is empty, the game ends
    #####:  395:  if (state->supplyCount[province] == 0)
        -:  396:    {
    #####:  397:      return 1;
        -:  398:    }
        -:  399:
        -:  400:  //if three supply pile are at 0, the game ends
    #####:  401:  j = 0;
    #####:  402:  for (i = 0; i < 25; i++)
        -:  403:    {
    #####:  404:      if (state->supplyCount[i] == 0)
        -:  405:	{
    #####:  406:	  j++;
        -:  407:	}
        -:  408:    }
    #####:  409:  if ( j >= 3)
        -:  410:    {
    #####:  411:      return 1;
        -:  412:    }
        -:  413:
    #####:  414:  return 0;
        -:  415:}
        -:  416:
    #####:  417:int scoreFor (int player, struct gameState *state) {
        -:  418:
        -:  419:  int i;
    #####:  420:  int score = 0;
        -:  421:  //score from hand
    #####:  422:  for (i = 0; i < state->handCount[player]; i++)
        -:  423:    {
    #####:  424:      if (state->hand[player][i] == curse) { score = score - 1; };
    #####:  425:      if (state->hand[player][i] == estate) { score = score + 1; };
    #####:  426:      if (state->hand[player][i] == duchy) { score = score + 3; };
    #####:  427:      if (state->hand[player][i] == province) { score = score + 6; };
    #####:  428:      if (state->hand[player][i] == great_hall) { score = score + 1; };
    #####:  429:      if (state->hand[player][i] == gardens) { score = score + ( fullDeckCount(player, 0, state) / 10 ); };
        -:  430:    }
        -:  431:
        -:  432:  //score from discard
    #####:  433:  for (i = 0; i < state->discardCount[player]; i++)
        -:  434:    {
    #####:  435:      if (state->discard[player][i] == curse) { score = score - 1; };
    #####:  436:      if (state->discard[player][i] == estate) { score = score + 1; };
    #####:  437:      if (state->discard[player][i] == duchy) { score = score + 3; };
    #####:  438:      if (state->discard[player][i] == province) { score = score + 6; };
    #####:  439:      if (state->discard[player][i] == great_hall) { score = score + 1; };
    #####:  440:      if (state->discard[player][i] == gardens) { score = score + ( fullDeckCount(player, 0, state) / 10 ); };
        -:  441:    }
        -:  442:
        -:  443:  //score from deck
    #####:  444:  for (i = 0; i < state->discardCount[player]; i++)
        -:  445:    {
    #####:  446:      if (state->deck[player][i] == curse) { score = score - 1; };
    #####:  447:      if (state->deck[player][i] == estate) { score = score + 1; };
    #####:  448:      if (state->deck[player][i] == duchy) { score = score + 3; };
    #####:  449:      if (state->deck[player][i] == province) { score = score + 6; };
    #####:  450:      if (state->deck[player][i] == great_hall) { score = score + 1; };
    #####:  451:      if (state->deck[player][i] == gardens) { score = score + ( fullDeckCount(player, 0, state) / 10 ); };
        -:  452:    }
        -:  453:
    #####:  454:  return score;
        -:  455:}
        -:  456:
    #####:  457:int getWinners(int players[MAX_PLAYERS], struct gameState *state) {
        -:  458:  int i;
        -:  459:  int j;
        -:  460:  int highScore;
        -:  461:  int currentPlayer;
        -:  462:
        -:  463:  //get score for each player
    #####:  464:  for (i = 0; i < MAX_PLAYERS; i++)
        -:  465:    {
        -:  466:      //set unused player scores to -9999
    #####:  467:      if (i >= state->numPlayers)
        -:  468:	{
    #####:  469:	  players[i] = -9999;
        -:  470:	}
        -:  471:      else
        -:  472:	{
    #####:  473:	  players[i] = scoreFor (i, state);
        -:  474:	}
        -:  475:    }
        -:  476:
        -:  477:  //find highest score
    #####:  478:  j = 0;
    #####:  479:  for (i = 0; i < MAX_PLAYERS; i++)
        -:  480:    {
    #####:  481:      if (players[i] > players[j])
        -:  482:	{
    #####:  483:	  j = i;
        -:  484:	}
        -:  485:    }
    #####:  486:  highScore = players[j];
        -:  487:
        -:  488:  //add 1 to players who had less turns
    #####:  489:  currentPlayer = whoseTurn(state);
    #####:  490:  for (i = 0; i < MAX_PLAYERS; i++)
        -:  491:    {
    #####:  492:      if ( players[i] == highScore && i > currentPlayer )
        -:  493:	{
    #####:  494:	  players[i]++;
        -:  495:	}
        -:  496:    }
        -:  497:
        -:  498:  //find new highest score
    #####:  499:  j = 0;
    #####:  500:  for (i = 0; i < MAX_PLAYERS; i++)
        -:  501:    {
    #####:  502:      if ( players[i] > players[j] )
        -:  503:	{
    #####:  504:	  j = i;
        -:  505:	}
        -:  506:    }
    #####:  507:  highScore = players[j];
        -:  508:
        -:  509:  //set winners in array to 1 and rest to 0
    #####:  510:  for (i = 0; i < MAX_PLAYERS; i++)
        -:  511:    {
    #####:  512:      if ( players[i] == highScore )
        -:  513:	{
    #####:  514:	  players[i] = 1;
        -:  515:	}
        -:  516:      else
        -:  517:	{
    #####:  518:	  players[i] = 0;
        -:  519:	}
        -:  520:    }
        -:  521:
    #####:  522:  return 0;
        -:  523:}
        -:  524:
        6:  525:int drawCard(int player, struct gameState *state)
        -:  526:{	int count;
        -:  527:  int deckCounter;
        6:  528:  if (state->deckCount[player] <= 0){//Deck is empty
        -:  529:
        -:  530:    //Step 1 Shuffle the discard pile back into a deck
        -:  531:    int i;
        -:  532:    //Move discard to deck
    #####:  533:    for (i = 0; i < state->discardCount[player];i++){
    #####:  534:      state->deck[player][i] = state->discard[player][i];
    #####:  535:      state->discard[player][i] = -1;
        -:  536:    }
        -:  537:
    #####:  538:    state->deckCount[player] = state->discardCount[player];
    #####:  539:    state->discardCount[player] = 0;//Reset discard
        -:  540:
        -:  541:    //Shufffle the deck
    #####:  542:    shuffle(player, state);//Shuffle the deck up and make it so that we can draw
        -:  543:
        -:  544:    if (DEBUG){//Debug statements
        -:  545:      printf("Deck count now: %d\n", state->deckCount[player]);
        -:  546:    }
        -:  547:
    #####:  548:    state->discardCount[player] = 0;
        -:  549:
        -:  550:    //Step 2 Draw Card
    #####:  551:    count = state->handCount[player];//Get current player's hand count
        -:  552:
        -:  553:    if (DEBUG){//Debug statements
        -:  554:      printf("Current hand count: %d\n", count);
        -:  555:    }
        -:  556:
    #####:  557:    deckCounter = state->deckCount[player];//Create a holder for the deck count
        -:  558:
    #####:  559:    if (deckCounter == 0)
    #####:  560:      return -1;
        -:  561:
    #####:  562:    state->hand[player][count] = state->deck[player][deckCounter - 1];//Add card to hand
    #####:  563:    state->deckCount[player]--;
    #####:  564:    state->handCount[player]++;//Increment hand count
        -:  565:  }
        -:  566:
        -:  567:  else{
        6:  568:    int count = state->handCount[player];//Get current hand count for player
        -:  569:    int deckCounter;
        -:  570:    if (DEBUG){//Debug statements
        -:  571:      printf("Current hand count: %d\n", count);
        -:  572:    }
        -:  573:
        6:  574:    deckCounter = state->deckCount[player];//Create holder for the deck count
        6:  575:    state->hand[player][count] = state->deck[player][deckCounter - 1];//Add card to the hand
        6:  576:    state->deckCount[player]--;
        6:  577:    state->handCount[player]++;//Increment hand count
        -:  578:  }
        -:  579:
        6:  580:  return 0;
        -:  581:}
        -:  582:
    #####:  583:int getCost(int cardNumber)
        -:  584:{
    #####:  585:  switch( cardNumber )
        -:  586:    {
        -:  587:    case curse:
    #####:  588:      return 0;
        -:  589:    case estate:
    #####:  590:      return 2;
        -:  591:    case duchy:
    #####:  592:      return 5;
        -:  593:    case province:
    #####:  594:      return 8;
        -:  595:    case copper:
    #####:  596:      return 0;
        -:  597:    case silver:
    #####:  598:      return 3;
        -:  599:    case gold:
    #####:  600:      return 6;
        -:  601:    case adventurer:
    #####:  602:      return 6;
        -:  603:    case council_room:
    #####:  604:      return 5;
        -:  605:    case feast:
    #####:  606:      return 4;
        -:  607:    case gardens:
    #####:  608:      return 4;
        -:  609:    case mine:
    #####:  610:      return 5;
        -:  611:    case remodel:
    #####:  612:      return 4;
        -:  613:    case smithy:
    #####:  614:      return 4;
        -:  615:    case village:
    #####:  616:      return 3;
        -:  617:    case baron:
    #####:  618:      return 4;
        -:  619:    case great_hall:
    #####:  620:      return 3;
        -:  621:    case minion:
    #####:  622:      return 5;
        -:  623:    case steward:
    #####:  624:      return 3;
        -:  625:    case tribute:
    #####:  626:      return 5;
        -:  627:    case ambassador:
    #####:  628:      return 3;
        -:  629:    case cutpurse:
    #####:  630:      return 4;
        -:  631:    case embargo:
    #####:  632:      return 2;
        -:  633:    case outpost:
    #####:  634:      return 5;
        -:  635:    case salvager:
    #####:  636:      return 4;
        -:  637:    case sea_hag:
    #####:  638:      return 4;
        -:  639:    case treasure_map:
    #####:  640:      return 4;
        -:  641:    }
        -:  642:
    #####:  643:  return -1;
        -:  644:}
        -:  645:
    #####:  646:int adventurerCard(int drawntreasure, struct gameState *state, int currentPlayer, int temphand[MAX_HAND], int z){
    #####:  647:    while(drawntreasure<2){
    #####:  648:	if (state->deckCount[currentPlayer] <1){//if the deck is empty we need to shuffle discard and add to deck
    #####:  649:	  shuffle(currentPlayer, state);
        -:  650:	}
    #####:  651:	drawCard(currentPlayer, state);
    #####:  652:	int cardDrawn = state->hand[currentPlayer][state->handCount[currentPlayer]-1];//top card of hand is most recently drawn card.
    #####:  653:	if (cardDrawn == copper || cardDrawn == silver || cardDrawn == gold)
    #####:  654:	{	  drawntreasure--;
    #####:  655:		break;
        -:  656:	}
        -:  657:	else{
    #####:  658:	  temphand[z]=cardDrawn;
    #####:  659:	  state->handCount[currentPlayer]--; //this should just remove the top card (the most recently drawn one).
    #####:  660:	  z++;
        -:  661:	}
        -:  662:	}
    #####:  663:      while(z-1>=0){
    #####:  664:	state->discard[currentPlayer][state->discardCount[currentPlayer]++]=temphand[z-1]; // discard all cards in play that have been drawn
    #####:  665:	z=z-1;
        -:  666:      }
    #####:  667:      return 0;
        -:  668:  }
        -:  669:
    #####:  670:int smithyCard(struct gameState *state, int currentPlayer, int handPos){
    #####:  671:    for (int i = 0; i < 1; i++)
        -:  672:	{
    #####:  673:	  drawCard(currentPlayer, state);
        -:  674:	}
        -:  675:
        -:  676:      //discard card from hand
    #####:  677:      discardCard(handPos, currentPlayer, state, 0);
    #####:  678:      return 0;
        -:  679:      }
        -:  680:
    #####:  681:int mineCard(struct gameState *state, int currentPlayer,int choice1, int choice2, int handPos){
    #####:  682:      int j = state->hand[currentPlayer][choice2];  //store card we will trash
        -:  683:
    #####:  684:      if (state->hand[currentPlayer][choice1] < copper || state->hand[currentPlayer][choice1] > gold)
        -:  685:	{
    #####:  686:	  return -1;
        -:  687:	}
        -:  688:
    #####:  689:      if (choice2 > treasure_map || choice2 < curse)
        -:  690:	{
    #####:  691:	  return -1;
        -:  692:	}
        -:  693:
    #####:  694:      if ( (getCost(state->hand[currentPlayer][choice1]) + 3) > getCost(choice2) )
        -:  695:	{
    #####:  696:	  return -1;
        -:  697:	}
        -:  698:
    #####:  699:      gainCard(choice2, state, 2, currentPlayer);
        -:  700:
        -:  701:      //discard card from hand
    #####:  702:      discardCard(handPos, currentPlayer, state, 0);
        -:  703:
        -:  704:      //discard trashed card
    #####:  705:      for (int i = 0; i < state->handCount[currentPlayer]; i++)
        -:  706:	{
    #####:  707:	  if (state->hand[currentPlayer][i] == j)
        -:  708:	    {
    #####:  709:	      discardCard(i, currentPlayer, state, 0);
    #####:  710:	      break;
        -:  711:	    }
        -:  712:	}
        -:  713:
    #####:  714:      return 0;
        -:  715:      }
    #####:  716:int gardensCard(){
    #####:  717:return -1;
        -:  718:}
        -:  719:
    #####:  720:int stewardCard(int choice1, int choice2, int choice3, int currentPlayer, struct gameState *state, int handPos){
    #####:  721:    if (choice1 == 1)
        -:  722:	{
        -:  723:	  //+2 cards
    #####:  724:	  drawCard(currentPlayer, state);
        -:  725:	}
    #####:  726:      else if (choice1 == 2)
        -:  727:	{
        -:  728:	  //+2 coins
    #####:  729:	  state->coins = state->coins + 2;
        -:  730:	}
        -:  731:      else
        -:  732:	{
        -:  733:	  //trash 2 cards in hand
    #####:  734:	  discardCard(choice2, currentPlayer, state, 1);
    #####:  735:	  discardCard(choice3, currentPlayer, state, 1);
        -:  736:	}
        -:  737:
        -:  738:      //discard card from hand
    #####:  739:      discardCard(handPos, currentPlayer, state, 0);
    #####:  740:      return 0;
        -:  741:}
        -:  742:
        -:  743:
        1:  744:int cardEffect(int card, int choice1, int choice2, int choice3, struct gameState *state, int handPos, int *bonus)
        -:  745:{
        -:  746:  int i;
        -:  747:  int j;
        -:  748:  int k;
        -:  749:  int x;
        -:  750:  int index;
        1:  751:  int currentPlayer = whoseTurn(state);
        1:  752:  int nextPlayer = currentPlayer + 1;
        -:  753:
        1:  754:  int tributeRevealedCards[2] = {-1, -1};
        -:  755:  int temphand[MAX_HAND];// moved above the if statement
        1:  756:  int drawntreasure=0;
        -:  757:
        1:  758:  int z = 0;// this is the counter for the temp hand
        1:  759:  if (nextPlayer > (state->numPlayers - 1)){
    #####:  760:    nextPlayer = 0;
        -:  761:  }
        -:  762:  //uses switch to select card and perform actions
        1:  763:  switch( card )
        -:  764:    {
        -:  765:    case adventurer:
    #####:  766:        return adventurerCard(drawntreasure, state, currentPlayer, temphand, z);
        -:  767:
        -:  768:    case council_room:
        -:  769:      //+4 Cards
    #####:  770:      for (i = 0; i < 4; i++)
        -:  771:	{
    #####:  772:	  drawCard(currentPlayer, state);
        -:  773:	}
        -:  774:
        -:  775:      //+1 Buy
    #####:  776:      state->numBuys++;
        -:  777:
        -:  778:      //Each other player draws a card
    #####:  779:      for (i = 0; i < state->numPlayers; i++)
        -:  780:	{
    #####:  781:	  if ( i != currentPlayer )
        -:  782:	    {
    #####:  783:	      drawCard(i, state);
        -:  784:	    }
        -:  785:	}
        -:  786:
        -:  787:      //put played card in played card pile
    #####:  788:      discardCard(handPos, currentPlayer, state, 0);
        -:  789:
    #####:  790:      return 0;
        -:  791:
        -:  792:    case feast:
        -:  793:      //gain card with cost up to 5
        -:  794:      //Backup hand
    #####:  795:      for (i = 0; i <= state->handCount[currentPlayer]; i++){
    #####:  796:	temphand[i] = state->hand[currentPlayer][i];//Backup card
    #####:  797:	state->hand[currentPlayer][i] = -1;//Set to nothing
        -:  798:      }
        -:  799:      //Backup hand
        -:  800:
        -:  801:      //Update Coins for Buy
    #####:  802:      updateCoins(currentPlayer, state, 5);
    #####:  803:      x = 1;//Condition to loop on
    #####:  804:      while( x == 1) {//Buy one card
    #####:  805:	if (supplyCount(choice1, state) <= 0){
        -:  806:	  if (DEBUG)
        -:  807:	    printf("None of that card left, sorry!\n");
        -:  808:
        -:  809:	  if (DEBUG){
        -:  810:	    printf("Cards Left: %d\n", supplyCount(choice1, state));
        -:  811:	  }
        -:  812:	}
    #####:  813:	else if (state->coins < getCost(choice1)){
    #####:  814:	  printf("That card is too expensive!\n");
        -:  815:
        -:  816:	  if (DEBUG){
        -:  817:	    printf("Coins: %d < %d\n", state->coins, getCost(choice1));
        -:  818:	  }
        -:  819:	}
        -:  820:	else{
        -:  821:
        -:  822:	  if (DEBUG){
        -:  823:	    printf("Deck Count: %d\n", state->handCount[currentPlayer] + state->deckCount[currentPlayer] + state->discardCount[currentPlayer]);
        -:  824:	  }
        -:  825:
    #####:  826:	  gainCard(choice1, state, 0, currentPlayer);//Gain the card
    #####:  827:	  x = 0;//No more buying cards
        -:  828:
        -:  829:	  if (DEBUG){
        -:  830:	    printf("Deck Count: %d\n", state->handCount[currentPlayer] + state->deckCount[currentPlayer] + state->discardCount[currentPlayer]);
        -:  831:	  }
        -:  832:
        -:  833:	}
        -:  834:      }
        -:  835:
        -:  836:      //Reset Hand
    #####:  837:      for (i = 0; i <= state->handCount[currentPlayer]; i++){
    #####:  838:	state->hand[currentPlayer][i] = temphand[i];
    #####:  839:	temphand[i] = -1;
        -:  840:      }
        -:  841:      //Reset Hand
        -:  842:
    #####:  843:      return 0;
        -:  844:
        -:  845:    case gardens:
    #####:  846:      return gardensCard();
        -:  847:
        -:  848:    case mine:
    #####:  849:      return mineCard(state, currentPlayer, choice1, choice2, handPos);
        -:  850:
        -:  851:    case remodel:
    #####:  852:      j = state->hand[currentPlayer][choice1];  //store card we will trash
        -:  853:
    #####:  854:      if ( (getCost(state->hand[currentPlayer][choice1]) + 2) > getCost(choice2) )
        -:  855:	{
    #####:  856:	  return -1;
        -:  857:	}
        -:  858:
    #####:  859:      gainCard(choice2, state, 0, currentPlayer);
        -:  860:
        -:  861:      //discard card from hand
    #####:  862:      discardCard(handPos, currentPlayer, state, 0);
        -:  863:
        -:  864:      //discard trashed card
    #####:  865:      for (i = 0; i < state->handCount[currentPlayer]; i++)
        -:  866:	{
    #####:  867:	  if (state->hand[currentPlayer][i] == j)
        -:  868:	    {
    #####:  869:	      discardCard(i, currentPlayer, state, 0);
    #####:  870:	      break;
        -:  871:	    }
        -:  872:	}
        -:  873:
        -:  874:
    #####:  875:      return 0;
        -:  876:
        -:  877:    case smithy:
    #####:  878:        return smithyCard(state, currentPlayer, handPos);
        -:  879:
        -:  880:
        -:  881:
        -:  882:    case village:
        -:  883:      //+1 Card
    #####:  884:      drawCard(currentPlayer, state);
        -:  885:
        -:  886:      //+2 Actions
    #####:  887:      state->numActions = state->numActions + 2;
        -:  888:
        -:  889:      //discard played card from hand
    #####:  890:      discardCard(handPos, currentPlayer, state, 0);
    #####:  891:      return 0;
        -:  892:
        -:  893:    case baron:
    #####:  894:      state->numBuys++;//Increase buys by 1!
    #####:  895:      if (choice1 > 0){//Boolean true or going to discard an estate
    #####:  896:	int p = 0;//Iterator for hand!
    #####:  897:	int card_not_discarded = 1;//Flag for discard set!
    #####:  898:	while(card_not_discarded){
    #####:  899:	  if (state->hand[currentPlayer][p] == estate){//Found an estate card!
    #####:  900:	    state->coins += 4;//Add 4 coins to the amount of coins
    #####:  901:	    state->discard[currentPlayer][state->discardCount[currentPlayer]] = state->hand[currentPlayer][p];
    #####:  902:	    state->discardCount[currentPlayer]++;
    #####:  903:	    for (;p < state->handCount[currentPlayer]; p++){
    #####:  904:	      state->hand[currentPlayer][p] = state->hand[currentPlayer][p+1];
        -:  905:	    }
    #####:  906:	    state->hand[currentPlayer][state->handCount[currentPlayer]] = -1;
    #####:  907:	    state->handCount[currentPlayer]--;
    #####:  908:	    card_not_discarded = 0;//Exit the loop
        -:  909:	  }
    #####:  910:	  else if (p > state->handCount[currentPlayer]){
        -:  911:	    if(DEBUG) {
        -:  912:	      printf("No estate cards in your hand, invalid choice\n");
        -:  913:	      printf("Must gain an estate if there are any\n");
        -:  914:	    }
    #####:  915:	    if (supplyCount(estate, state) > 0){
    #####:  916:	      gainCard(estate, state, 0, currentPlayer);
    #####:  917:	      state->supplyCount[estate]--;//Decrement estates
    #####:  918:	      if (supplyCount(estate, state) == 0){
    #####:  919:		isGameOver(state);
        -:  920:	      }
        -:  921:	    }
    #####:  922:	    card_not_discarded = 0;//Exit the loop
        -:  923:	  }
        -:  924:
        -:  925:	  else{
    #####:  926:	    p++;//Next card
        -:  927:	  }
        -:  928:	}
        -:  929:      }
        -:  930:
        -:  931:      else{
    #####:  932:	if (supplyCount(estate, state) > 0){
    #####:  933:	  gainCard(estate, state, 0, currentPlayer);//Gain an estate
    #####:  934:	  state->supplyCount[estate]--;//Decrement Estates
    #####:  935:	  if (supplyCount(estate, state) == 0){
    #####:  936:	    isGameOver(state);
        -:  937:	  }
        -:  938:	}
        -:  939:      }
        -:  940:
        -:  941:
    #####:  942:      return 0;
        -:  943:
        -:  944:    case great_hall:
        -:  945:      //+1 Card
        1:  946:      drawCard(currentPlayer, state);
        -:  947:
        -:  948:      //+1 Actions
        1:  949:      state->numActions++;
        -:  950:
        -:  951:      //discard card from hand
        1:  952:      discardCard(handPos, currentPlayer, state, 0);
        1:  953:      return 0;
        -:  954:
        -:  955:    case minion:
        -:  956:      //+1 action
    #####:  957:      state->numActions++;
        -:  958:
        -:  959:      //discard card from hand
    #####:  960:      discardCard(handPos, currentPlayer, state, 0);
        -:  961:
    #####:  962:      if (choice1)		//+2 coins
        -:  963:	{
    #####:  964:	  state->coins = state->coins + 2;
        -:  965:	}
        -:  966:
    #####:  967:      else if (choice2)		//discard hand, redraw 4, other players with 5+ cards discard hand and draw 4
        -:  968:	{
        -:  969:	  //discard hand
    #####:  970:	  while(numHandCards(state) > 0)
        -:  971:	    {
    #####:  972:	      discardCard(handPos, currentPlayer, state, 0);
        -:  973:	    }
        -:  974:
        -:  975:	  //draw 4
    #####:  976:	  for (i = 0; i < 4; i++)
        -:  977:	    {
    #####:  978:	      drawCard(currentPlayer, state);
        -:  979:	    }
        -:  980:
        -:  981:	  //other players discard hand and redraw if hand size > 4
    #####:  982:	  for (i = 0; i < state->numPlayers; i++)
        -:  983:	    {
    #####:  984:	      if (i != currentPlayer)
        -:  985:		{
    #####:  986:		  if ( state->handCount[i] > 4 )
        -:  987:		    {
        -:  988:		      //discard hand
    #####:  989:		      while( state->handCount[i] > 0 )
        -:  990:			{
    #####:  991:			  discardCard(handPos, i, state, 0);
        -:  992:			}
        -:  993:
        -:  994:		      //draw 4
    #####:  995:		      for (j = 0; j < 4; j++)
        -:  996:			{
    #####:  997:			  drawCard(i, state);
        -:  998:			}
        -:  999:		    }
        -: 1000:		}
        -: 1001:	    }
        -: 1002:
        -: 1003:	}
    #####: 1004:      return 0;
        -: 1005:
        -: 1006:    case steward:
    #####: 1007:        return stewardCard(choice1, choice2, choice3, currentPlayer, state, handPos);
        -: 1008:
        -: 1009:    case tribute:
    #####: 1010:      if ((state->discardCount[nextPlayer] + state->deckCount[nextPlayer]) <= 1){
    #####: 1011:	if (state->deckCount[nextPlayer] > 0){
    #####: 1012:	  tributeRevealedCards[0] = state->deck[nextPlayer][state->deckCount[nextPlayer]-1];
    #####: 1013:	  state->deckCount[nextPlayer]--;
        -: 1014:	}
    #####: 1015:	else if (state->discardCount[nextPlayer] > 0){
    #####: 1016:	  tributeRevealedCards[0] = state->discard[nextPlayer][state->discardCount[nextPlayer]-1];
    #####: 1017:	  state->discardCount[nextPlayer]--;
        -: 1018:	}
        -: 1019:	else{
        -: 1020:	  //No Card to Reveal
        -: 1021:	  if (DEBUG){
        -: 1022:	    printf("No cards to reveal\n");
        -: 1023:	  }
        -: 1024:	}
        -: 1025:      }
        -: 1026:
        -: 1027:      else{
    #####: 1028:	if (state->deckCount[nextPlayer] == 0){
    #####: 1029:	  for (i = 0; i < state->discardCount[nextPlayer]; i++){
    #####: 1030:	    state->deck[nextPlayer][i] = state->discard[nextPlayer][i];//Move to deck
    #####: 1031:	    state->deckCount[nextPlayer]++;
    #####: 1032:	    state->discard[nextPlayer][i] = -1;
    #####: 1033:	    state->discardCount[nextPlayer]--;
        -: 1034:	  }
        -: 1035:
    #####: 1036:	  shuffle(nextPlayer,state);//Shuffle the deck
        -: 1037:	}
    #####: 1038:	tributeRevealedCards[0] = state->deck[nextPlayer][state->deckCount[nextPlayer]-1];
    #####: 1039:	state->deck[nextPlayer][state->deckCount[nextPlayer]--] = -1;
    #####: 1040:	state->deckCount[nextPlayer]--;
    #####: 1041:	tributeRevealedCards[1] = state->deck[nextPlayer][state->deckCount[nextPlayer]-1];
    #####: 1042:	state->deck[nextPlayer][state->deckCount[nextPlayer]--] = -1;
    #####: 1043:	state->deckCount[nextPlayer]--;
        -: 1044:      }
        -: 1045:
    #####: 1046:      if (tributeRevealedCards[0] == tributeRevealedCards[1]){//If we have a duplicate card, just drop one
    #####: 1047:	state->playedCards[state->playedCardCount] = tributeRevealedCards[1];
    #####: 1048:	state->playedCardCount++;
    #####: 1049:	tributeRevealedCards[1] = -1;
        -: 1050:      }
        -: 1051:
    #####: 1052:      for (i = 0; i <= 2; i ++){
    #####: 1053:	if (tributeRevealedCards[i] == copper || tributeRevealedCards[i] == silver || tributeRevealedCards[i] == gold){//Treasure cards
    #####: 1054:	  state->coins += 2;
        -: 1055:	}
        -: 1056:
    #####: 1057:	else if (tributeRevealedCards[i] == estate || tributeRevealedCards[i] == duchy || tributeRevealedCards[i] == province || tributeRevealedCards[i] == gardens || tributeRevealedCards[i] == great_hall){//Victory Card Found
    #####: 1058:	  drawCard(currentPlayer, state);
    #####: 1059:	  drawCard(currentPlayer, state);
        -: 1060:	}
        -: 1061:	else{//Action Card
    #####: 1062:	  state->numActions = state->numActions + 2;
        -: 1063:	}
        -: 1064:      }
        -: 1065:
    #####: 1066:      return 0;
        -: 1067:
        -: 1068:    case ambassador:
    #####: 1069:      j = 0;		//used to check if player has enough cards to discard
        -: 1070:
    #####: 1071:      if (choice2 > 2 || choice2 < 0)
        -: 1072:	{
    #####: 1073:	  return -1;
        -: 1074:	}
        -: 1075:
    #####: 1076:      if (choice1 == handPos)
        -: 1077:	{
    #####: 1078:	  return -1;
        -: 1079:	}
        -: 1080:
    #####: 1081:      for (i = 0; i < state->handCount[currentPlayer]; i++)
        -: 1082:	{
    #####: 1083:	  if (i != handPos && i == state->hand[currentPlayer][choice1] && i != choice1)
        -: 1084:	    {
    #####: 1085:	      j++;
        -: 1086:	    }
        -: 1087:	}
    #####: 1088:      if (j < choice2)
        -: 1089:	{
    #####: 1090:	  return -1;
        -: 1091:	}
        -: 1092:
        -: 1093:      if (DEBUG)
        -: 1094:	printf("Player %d reveals card number: %d\n", currentPlayer, state->hand[currentPlayer][choice1]);
        -: 1095:
        -: 1096:      //increase supply count for choosen card by amount being discarded
    #####: 1097:      state->supplyCount[state->hand[currentPlayer][choice1]] += choice2;
        -: 1098:
        -: 1099:      //each other player gains a copy of revealed card
    #####: 1100:      for (i = 0; i < state->numPlayers; i++)
        -: 1101:	{
    #####: 1102:	  if (i != currentPlayer)
        -: 1103:	    {
    #####: 1104:	      gainCard(state->hand[currentPlayer][choice1], state, 0, i);
        -: 1105:	    }
        -: 1106:	}
        -: 1107:
        -: 1108:      //discard played card from hand
    #####: 1109:      discardCard(handPos, currentPlayer, state, 0);
        -: 1110:
        -: 1111:      //trash copies of cards returned to supply
    #####: 1112:      for (j = 0; j < choice2; j++)
        -: 1113:	{
    #####: 1114:	  for (i = 0; i < state->handCount[currentPlayer]; i++)
        -: 1115:	    {
    #####: 1116:	      if (state->hand[currentPlayer][i] == state->hand[currentPlayer][choice1])
        -: 1117:		{
    #####: 1118:		  discardCard(i, currentPlayer, state, 1);
    #####: 1119:		  break;
        -: 1120:		}
        -: 1121:	    }
        -: 1122:	}
        -: 1123:
    #####: 1124:      return 0;
        -: 1125:
        -: 1126:    case cutpurse:
        -: 1127:
    #####: 1128:      updateCoins(currentPlayer, state, 2);
    #####: 1129:      for (i = 0; i < state->numPlayers; i++)
        -: 1130:	{
    #####: 1131:	  if (i != currentPlayer)
        -: 1132:	    {
    #####: 1133:	      for (j = 0; j < state->handCount[i]; j++)
        -: 1134:		{
    #####: 1135:		  if (state->hand[i][j] == copper)
        -: 1136:		    {
    #####: 1137:		      discardCard(j, i, state, 0);
    #####: 1138:		      break;
        -: 1139:		    }
    #####: 1140:		  if (j == state->handCount[i])
        -: 1141:		    {
    #####: 1142:		      for (k = 0; k < state->handCount[i]; k++)
        -: 1143:			{
        -: 1144:			  if (DEBUG)
        -: 1145:			    printf("Player %d reveals card number %d\n", i, state->hand[i][k]);
        -: 1146:			}
    #####: 1147:		      break;
        -: 1148:		    }
        -: 1149:		}
        -: 1150:
        -: 1151:	    }
        -: 1152:
        -: 1153:	}
        -: 1154:
        -: 1155:      //discard played card from hand
    #####: 1156:      discardCard(handPos, currentPlayer, state, 0);
        -: 1157:
    #####: 1158:      return 0;
        -: 1159:
        -: 1160:
        -: 1161:    case embargo:
        -: 1162:      //+2 Coins
    #####: 1163:      state->coins = state->coins + 2;
        -: 1164:
        -: 1165:      //see if selected pile is in play
    #####: 1166:      if ( state->supplyCount[choice1] == -1 )
        -: 1167:	{
    #####: 1168:	  return -1;
        -: 1169:	}
        -: 1170:
        -: 1171:      //add embargo token to selected supply pile
    #####: 1172:      state->embargoTokens[choice1]++;
        -: 1173:
        -: 1174:      //trash card
    #####: 1175:      discardCard(handPos, currentPlayer, state, 1);
    #####: 1176:      return 0;
        -: 1177:
        -: 1178:    case outpost:
        -: 1179:      //set outpost flag
    #####: 1180:      state->outpostPlayed++;
        -: 1181:
        -: 1182:      //discard card
    #####: 1183:      discardCard(handPos, currentPlayer, state, 0);
    #####: 1184:      return 0;
        -: 1185:
        -: 1186:    case salvager:
        -: 1187:      //+1 buy
    #####: 1188:      state->numBuys++;
        -: 1189:
    #####: 1190:      if (choice1)
        -: 1191:	{
        -: 1192:	  //gain coins equal to trashed card
    #####: 1193:	  state->coins = state->coins + getCost( handCard(choice1, state) );
        -: 1194:	  //trash card
    #####: 1195:	  discardCard(choice1, currentPlayer, state, 1);
        -: 1196:	}
        -: 1197:
        -: 1198:      //discard card
    #####: 1199:      discardCard(handPos, currentPlayer, state, 0);
    #####: 1200:      return 0;
        -: 1201:
        -: 1202:    case sea_hag:
    #####: 1203:      for (i = 0; i < state->numPlayers; i++){
    #####: 1204:	if (i != currentPlayer){
    #####: 1205:	  state->discard[i][state->discardCount[i]] = state->deck[i][state->deckCount[i]--];			    state->deckCount[i]--;
    #####: 1206:	  state->discardCount[i]++;
    #####: 1207:	  state->deck[i][state->deckCount[i]--] = curse;//Top card now a curse
        -: 1208:	}
        -: 1209:      }
    #####: 1210:      return 0;
        -: 1211:
        -: 1212:    case treasure_map:
        -: 1213:      //search hand for another treasure_map
    #####: 1214:      index = -1;
    #####: 1215:      for (i = 0; i < state->handCount[currentPlayer]; i++)
        -: 1216:	{
    #####: 1217:	  if (state->hand[currentPlayer][i] == treasure_map && i != handPos)
        -: 1218:	    {
    #####: 1219:	      index = i;
    #####: 1220:	      break;
        -: 1221:	    }
        -: 1222:	}
    #####: 1223:      if (index > -1)
        -: 1224:	{
        -: 1225:	  //trash both treasure cards
    #####: 1226:	  discardCard(handPos, currentPlayer, state, 1);
    #####: 1227:	  discardCard(index, currentPlayer, state, 1);
        -: 1228:
        -: 1229:	  //gain 4 Gold cards
    #####: 1230:	  for (i = 0; i < 4; i++)
        -: 1231:	    {
    #####: 1232:	      gainCard(gold, state, 1, currentPlayer);
        -: 1233:	    }
        -: 1234:
        -: 1235:	  //return success
    #####: 1236:	  return 1;
        -: 1237:	}
        -: 1238:
        -: 1239:      //no second treasure_map found in hand
    #####: 1240:      return -1;
        -: 1241:    }
        -: 1242:
    #####: 1243:  return -1;
        -: 1244:}
        -: 1245:
        1: 1246:int discardCard(int handPos, int currentPlayer, struct gameState *state, int trashFlag)
        -: 1247:{
        -: 1248:
        -: 1249:  //if card is not trashed, added to Played pile
        1: 1250:  if (trashFlag < 1)
        -: 1251:    {
        -: 1252:      //add card to played pile
        1: 1253:      state->playedCards[state->playedCardCount] = state->hand[currentPlayer][handPos];
        1: 1254:      state->playedCardCount++;
        -: 1255:    }
        -: 1256:
        -: 1257:  //set played card to -1
        1: 1258:  state->hand[currentPlayer][handPos] = -1;
        -: 1259:
        -: 1260:  //remove card from player's hand
        1: 1261:  if ( handPos == (state->handCount[currentPlayer] - 1) ) 	//last card in hand array is played
        -: 1262:    {
        -: 1263:      //reduce number of cards in hand
    #####: 1264:      state->handCount[currentPlayer]--;
        -: 1265:    }
        1: 1266:  else if ( state->handCount[currentPlayer] == 1 ) //only one card in hand
        -: 1267:    {
        -: 1268:      //reduce number of cards in hand
    #####: 1269:      state->handCount[currentPlayer]--;
        -: 1270:    }
        -: 1271:  else
        -: 1272:    {
        -: 1273:      //replace discarded card with last card in hand
        1: 1274:      state->hand[currentPlayer][handPos] = state->hand[currentPlayer][ (state->handCount[currentPlayer] - 1)];
        -: 1275:      //set last card to -1
        1: 1276:      state->hand[currentPlayer][state->handCount[currentPlayer] - 1] = -1;
        -: 1277:      //reduce number of cards in hand
        1: 1278:      state->handCount[currentPlayer]--;
        -: 1279:    }
        -: 1280:
        1: 1281:  return 0;
        -: 1282:}
        -: 1283:
    #####: 1284:int gainCard(int supplyPos, struct gameState *state, int toFlag, int player)
        -: 1285:{
        -: 1286:  //Note: supplyPos is enum of choosen card
        -: 1287:
        -: 1288:  //check if supply pile is empty (0) or card is not used in game (-1)
    #####: 1289:  if ( supplyCount(supplyPos, state) < 1 )
        -: 1290:    {
    #####: 1291:      return -1;
        -: 1292:    }
        -: 1293:
        -: 1294:  //added card for [whoseTurn] current player:
        -: 1295:  // toFlag = 0 : add to discard
        -: 1296:  // toFlag = 1 : add to deck
        -: 1297:  // toFlag = 2 : add to hand
        -: 1298:
    #####: 1299:  if (toFlag == 1)
        -: 1300:    {
    #####: 1301:      state->deck[ player ][ state->deckCount[player] ] = supplyPos;
    #####: 1302:      state->deckCount[player]++;
        -: 1303:    }
    #####: 1304:  else if (toFlag == 2)
        -: 1305:    {
    #####: 1306:      state->hand[ player ][ state->handCount[player] ] = supplyPos;
    #####: 1307:      state->handCount[player]++;
        -: 1308:    }
        -: 1309:  else
        -: 1310:    {
    #####: 1311:      state->discard[player][ state->discardCount[player] ] = supplyPos;
    #####: 1312:      state->discardCount[player]++;
        -: 1313:    }
        -: 1314:
        -: 1315:  //decrease number in supply pile
    #####: 1316:  state->supplyCount[supplyPos]--;
        -: 1317:
    #####: 1318:  return 0;
        -: 1319:}
        -: 1320:
        1: 1321:int updateCoins(int player, struct gameState *state, int bonus)
        -: 1322:{
        -: 1323:  int i;
        -: 1324:
        -: 1325:  //reset coin count
        1: 1326:  state->coins = 0;
        -: 1327:
        -: 1328:  //add coins for each Treasure card in player's hand
        6: 1329:  for (i = 0; i < state->handCount[player]; i++)
        -: 1330:    {
        5: 1331:      if (state->hand[player][i] == copper)
        -: 1332:	{
        4: 1333:	  state->coins += 1;
        -: 1334:	}
        1: 1335:      else if (state->hand[player][i] == silver)
        -: 1336:	{
    #####: 1337:	  state->coins += 2;
        -: 1338:	}
        1: 1339:      else if (state->hand[player][i] == gold)
        -: 1340:	{
    #####: 1341:	  state->coins += 3;
        -: 1342:	}
        -: 1343:    }
        -: 1344:
        -: 1345:  //add bonus
        1: 1346:  state->coins += bonus;
        -: 1347:
        1: 1348:  return 0;
        -: 1349:}
        -: 1350:
        -: 1351:
        -: 1352://end of dominion.c
        -: 1353:
